\BOOKMARK [1][-]{section.1}{Notions impotrtantes}{}
\BOOKMARK [2][-]{subsection.1.1}{Plugin}{section.1}
\BOOKMARK [2][-]{subsection.1.2}{Extensions}{section.1}
\BOOKMARK [2][-]{subsection.1.3}{Points d'extensions}{section.1}
\BOOKMARK [1][-]{section.2}{Coloane}{}
\BOOKMARK [2][-]{subsection.2.1}{Presentation de Coloane}{section.2}
\BOOKMARK [2][-]{subsection.2.2}{Evolutions de Coloane}{section.2}
\BOOKMARK [2][-]{subsection.2.3}{Limites li\351s aux l'evolutions de Coloane}{section.2}
\BOOKMARK [1][-]{section.3}{Conv\351rtiseur de formats de repr\351sentations de R\351seau de Petri}{}
\BOOKMARK [2][-]{subsection.3.1}{Solutitions envisag\351es}{section.3}
\BOOKMARK [3][-]{subsubsection.3.1.1}{le plugin}{subsection.3.1}
\BOOKMARK [3][-]{subsubsection.3.1.2}{le point d'extension}{subsection.3.1}
\BOOKMARK [2][-]{subsection.3.2}{Solutions choisies}{section.3}
\BOOKMARK [1][-]{section.4}{Pr\351cisions sur les points d'extensions de Coloane}{}
\BOOKMARK [2][-]{subsection.4.1}{plugin.xml}{section.4}
\BOOKMARK [2][-]{subsection.4.2}{imports.exsd et exports.exsd}{section.4}
\BOOKMARK [2][-]{subsection.4.3}{MANIFEST.MF}{section.4}
\BOOKMARK [1][-]{section.5}{Modifications apport\351es \340 Coloane}{}
\BOOKMARK [2][-]{subsection.5.1}{L'int\351rface utilisateur}{section.5}
\BOOKMARK [3][-]{subsubsection.5.1.1}{Les items "Imports From XXX..." et "Exports To XXX..."}{subsection.5.1}
\BOOKMARK [3][-]{subsubsection.5.1.2}{Les bo\356tes de dialogues}{subsection.5.1}
\BOOKMARK [2][-]{subsection.5.2}{Les contraintes pour les extensions}{section.5}
\BOOKMARK [2][-]{subsection.5.3}{Comment savoire quelles extensions sont pr\351sentes}{section.5}
\BOOKMARK [1][-]{section.6}{Conc\351ption de points d'extensions}{}
\BOOKMARK [2][-]{subsection.6.1}{D\351claration du point d'extension}{section.6}
\BOOKMARK [2][-]{subsection.6.2}{D\351finition de la grammaire}{section.6}
\BOOKMARK [1][-]{section.7}{R\351alisation d'une extension}{}
\BOOKMARK [2][-]{subsection.7.1}{D\351finition de l'extension exportToDOT}{section.7}
\BOOKMARK [2][-]{subsection.7.2}{Classe associ\351e \340 l'extension}{section.7}
\BOOKMARK [1][-]{section.8}{Bibliographie}{}
