This is pdfeTeX, Version 3.14159-1.10b-2.1 (Web2C 7.4.5) (format=pdflatex 2005.10.22)  4 FEB 2008 01:10
entering extended mode
**Rapport_Stage_Monir_CHAOUKI.tex
(./Rapport_Stage_Monir_CHAOUKI.tex{/usr/share/texmf/pdftex/config/pdftex.cfg}
LaTeX2e <2001/06/01>
Babel <v3.7h> and hyphenation patterns for american, french, german, ngerman, b
ahasa, basque, catalan, croatian, czech, danish, dutch, finnish, greek, iceland
ic, irish, italian, latin, magyar, norsk, norsk, portuges, romanian, russian, s
lovak, slovene, spanish, swedish, turkish, ukrainian, nohyphenation, loaded.
(/usr/share/texmf/tex/latex/base/article.cls
Document Class: article 2001/04/21 v1.4e Standard LaTeX document class
(/usr/share/texmf/tex/latex/base/size10.clo
File: size10.clo 2001/04/21 v1.4e Standard LaTeX file (size option)
)
\c@part=\count79
\c@section=\count80
\c@subsection=\count81
\c@subsubsection=\count82
\c@paragraph=\count83
\c@subparagraph=\count84
\c@figure=\count85
\c@table=\count86
\abovecaptionskip=\skip41
\belowcaptionskip=\skip42
\bibindent=\dimen102
)
(/usr/share/texmf/tex/generic/babel/babel.sty
Package: babel 2001/03/01 v3.7h The Babel package

(/usr/share/texmf/tex/generic/babel/frenchb.ldf
Language: french 2001/09/09 v1.5g French support from the babel system

(/usr/share/texmf/tex/generic/babel/babel.def
File: babel.def 2001/03/01 v3.7h Babel common definitions
\babel@savecnt=\count87
\U@D=\dimen103
)
Package babel Info: Making : an active character on input line 199.
Package babel Info: Making ; an active character on input line 200.
Package babel Info: Making ! an active character on input line 201.
Package babel Info: Making ? an active character on input line 202.

*************************************
* Local config file frenchb.cfg used
*
(/usr/share/texmf/tex/generic/babel/frenchb.cfg)))
(/usr/share/texmf/tex/latex/hyperref/hyperref.sty
Package: hyperref 2003/01/22 v6.73n Hypertext links for LaTeX

(/usr/share/texmf/tex/latex/graphics/keyval.sty
Package: keyval 1999/03/16 v1.13 key=value parser (DPC)
\KV@toks@=\toks14
)
\@linkdim=\dimen104
\Hy@linkcounter=\count88
\Hy@pagecounter=\count89

(/usr/share/texmf/tex/latex/hyperref/pd1enc.def
File: pd1enc.def 2003/01/22 v6.73n Hyperref: PDFDocEncoding definition (HO)
)
(/usr/share/texmf/tex/latex/config/hyperref.cfg
File: hyperref.cfg 2002/06/06 v1.2 hyperref configuration of TeXLive and teTeX
)
Package hyperref Info: Hyper figures OFF on input line 1792.
Package hyperref Info: Link nesting OFF on input line 1797.
Package hyperref Info: Hyper index ON on input line 1800.
Package hyperref Info: Plain pages ON on input line 1805.
Package hyperref Info: Backreferencing OFF on input line 1812.

Implicit mode ON; LaTeX internals redefined
Package hyperref Info: Bookmarks ON on input line 1916.
(/usr/share/texmf/tex/latex/misc/url.sty
\Urlmuskip=\muskip10
Package: url 1999/03/28  ver 1.5x  Verb mode for urls, etc.
)
LaTeX Info: Redefining \url on input line 2055.
\Fld@menulength=\count90
\Field@Width=\dimen105
\Fld@charsize=\dimen106
\Choice@toks=\toks15
\Field@toks=\toks16
Package hyperref Info: Hyper figures OFF on input line 2513.
Package hyperref Info: Link nesting OFF on input line 2518.
Package hyperref Info: Hyper index ON on input line 2521.
Package hyperref Info: backreferencing OFF on input line 2528.
Package hyperref Info: Link coloring OFF on input line 2533.
\c@Item=\count91
\c@Hfootnote=\count92
)
*hyperref using default driver hpdftex*
(/usr/share/texmf/tex/latex/hyperref/hpdftex.def
File: hpdftex.def 2003/01/22 v6.73n Hyperref driver for pdfTeX

(/usr/share/texmf/tex/latex/psnfss/pifont.sty
Package: pifont 2002/09/08 PSNFSS-v9.0a Pi font support (SPQR) 
LaTeX Font Info:    Try loading font information for U+pzd on input line 62.

(/usr/share/texmf/tex/latex/psnfss/upzd.fd
File: upzd.fd 2001/06/04 font definitions for U/pzd.
)
LaTeX Font Info:    Try loading font information for U+psy on input line 63.

(/usr/share/texmf/tex/latex/psnfss/upsy.fd
File: upsy.fd 2001/06/04 font definitions for U/psy.
))
\Fld@listcount=\count93
\@outlinefile=\write3
)
(/usr/share/texmf/tex/latex/base/inputenc.sty
Package: inputenc 2001/07/10 v0.99a Input encoding file 

(/usr/share/texmf/tex/latex/base/latin1.def
File: latin1.def 2001/07/10 v0.99a Input encoding file 
))
(/usr/share/texmf/tex/latex/graphics/graphicx.sty
Package: graphicx 1999/02/16 v1.0f Enhanced LaTeX Graphics (DPC,SPQR)

(/usr/share/texmf/tex/latex/graphics/graphics.sty
Package: graphics 2001/07/07 v1.0n Standard LaTeX Graphics (DPC,SPQR)

(/usr/share/texmf/tex/latex/graphics/trig.sty
Package: trig 1999/03/16 v1.09 sin cos tan (DPC)
)
(/usr/share/texmf/tex/latex/config/graphics.cfg
File: graphics.cfg 2001/08/31 v1.1 graphics configuration of teTeX/TeXLive
)
Package graphics Info: Driver file: pdftex.def on input line 80.

(/usr/share/texmf/tex/latex/graphics/pdftex.def
File: pdftex.def 2002/06/19 v0.03k graphics/color for pdftex
\Gread@gobject=\count94
))
\Gin@req@height=\dimen107
\Gin@req@width=\dimen108
)
(/usr/share/texmf/tex/latex/listings/listings.sty
Package: listings 2004/02/13 1.2 (Carsten Heinz)
\lst@mode=\count95
\lst@gtempboxa=\box26
\lst@token=\toks17
\lst@length=\count96
\lst@currlwidth=\dimen109
\lst@column=\count97
\lst@pos=\count98
\lst@lostspace=\dimen110
\lst@width=\dimen111
\lst@newlines=\count99
\lst@lineno=\count100
\c@lstlisting=\count101
\lst@maxwidth=\dimen112

(/usr/share/texmf/tex/latex/listings/lstpatch.sty
File: lstpatch.sty 2004/02/18 1.2b (Carsten Heinz)
)
(/usr/share/texmf/tex/latex/listings/lstmisc.sty
File: lstmisc.sty 2004/02/13 1.2 (Carsten Heinz)
\c@lstnumber=\count102
\lst@skipnumbers=\count103
\lst@framebox=\box27
)
(/usr/share/texmf/tex/latex/config/listings.cfg
File: listings.cfg 2004/02/13 1.2 listings configuration
))
(./Rapport_Stage_Monir_CHAOUKI.aux)
\openout1 = `Rapport_Stage_Monir_CHAOUKI.aux'.

LaTeX Font Info:    Checking defaults for OML/cmm/m/it on input line 13.
LaTeX Font Info:    ... okay on input line 13.
LaTeX Font Info:    Checking defaults for T1/cmr/m/n on input line 13.
LaTeX Font Info:    ... okay on input line 13.
LaTeX Font Info:    Checking defaults for OT1/cmr/m/n on input line 13.
LaTeX Font Info:    ... okay on input line 13.
LaTeX Font Info:    Checking defaults for OMS/cmsy/m/n on input line 13.
LaTeX Font Info:    ... okay on input line 13.
LaTeX Font Info:    Checking defaults for OMX/cmex/m/n on input line 13.
LaTeX Font Info:    ... okay on input line 13.
LaTeX Font Info:    Checking defaults for U/cmr/m/n on input line 13.
LaTeX Font Info:    ... okay on input line 13.
LaTeX Font Info:    Checking defaults for OT2/wncyr/m/n on input line 13.
LaTeX Font Info:    Try loading font information for OT2+wncyr on input line 13
.

(/usr/share/texmf/tex/latex/cyrillic/ot2wncyr.fd
File: ot2wncyr.fd 1999/12/17 v3.2a Computer Modern Cyrillic font definitions
)
LaTeX Font Info:    ... okay on input line 13.
LaTeX Font Info:    Checking defaults for PD1/pdf/m/n on input line 13.
LaTeX Font Info:    ... okay on input line 13.
LaTeX Info: Redefining \dots on input line 13.
Package hyperref Info: Link coloring OFF on input line 13.

(/usr/share/texmf/tex/latex/hyperref/nameref.sty
Package: nameref 2001/01/27 v2.19 Cross-referencing by name of section
\c@section@level=\count104
)
LaTeX Info: Redefining \ref on input line 13.
LaTeX Info: Redefining \pageref on input line 13.

(./Rapport_Stage_Monir_CHAOUKI.out) (./Rapport_Stage_Monir_CHAOUKI.out)
\openout3 = `Rapport_Stage_Monir_CHAOUKI.out'.


(/usr/share/texmf/tex/context/base/supp-pdf.tex
(/usr/share/texmf/tex/context/base/supp-mis.tex
loading : Context Support Macros / Missing
\protectiondepth=\count105
\scratchcounter=\count106
\scratchtoks=\toks18
\scratchdimen=\dimen113
\scratchskip=\skip43
\scratchmuskip=\muskip11
\scratchbox=\box28
\scratchread=\read1
\scratchwrite=\write4
\zeropoint=\dimen114
\minusone=\count107
\thousandpoint=\dimen115
\emptytoks=\toks19
\nextbox=\box29
\nextdepth=\dimen116
\everyline=\toks20
\!!counta=\count108
\!!countb=\count109
\recursecounter=\count110
)
loading : Context Support Macros / PDF
\nofMPsegments=\count111
\nofMParguments=\count112
\everyMPtoPDFconversion=\toks21
)
LaTeX Font Info:    External font `cmex10' loaded for size
(Font)              <12> on input line 16.
LaTeX Font Info:    External font `cmex10' loaded for size
(Font)              <8> on input line 16.
LaTeX Font Info:    External font `cmex10' loaded for size
(Font)              <6> on input line 16.
 [1

{/var/lib/texmf/dvips/config/pdftex.map}]
(./sections/notions_impotrtantes.tex) [2] (./sections/coloane.tex
Overfull \hbox (1.6951pt too wide) in paragraph at lines 14--18
[]/cmr10/En ef-fet, au-jour-d'hui, l'in-con-ve-niant ma-jeur de Co-loane commme
 nous l'avons
 []

) [3] (./sections/convertiseur_de_formats.tex) [4]
(./sections/notions_points_extensions.tex
Overfull \hbox (2.69498pt too wide) in paragraph at lines 11--14
[]/cmr10/Une re-marque im-por-tante, Eclipse offre une int^^Serface gra-phique 
tr^^Ses agr^^Seable :
 []


Overfull \hbox (48.74657pt too wide) in paragraph at lines 25--25
[]/cmtt10/<extension-point id="exports" name="Exports" schema="schema/exports.e
xsd"/>[] 
 []


Overfull \hbox (48.74657pt too wide) in paragraph at lines 25--25
[]/cmtt10/<extension-point id="imports" name="Imports" schema="schema/imports.e
xsd"/>[] 
 []

[5]) [6] (./sections/modifications_coloane.tex
Overfull \hbox (11.99689pt too wide) in paragraph at lines 42--42
[]               /cmtt10/class="fr.lip6.move.coloane.core.ui.actions.ExportTo"[
] 
 []


Overfull \hbox (22.4968pt too wide) in paragraph at lines 42--42
[]               /cmtt10/class="fr.lip6.move.coloane.core.ui.actions.ImportFrom
"[] 
 []

[7]
Overfull \hbox (101.24611pt too wide) in paragraph at lines 84--84
[]/cmtt10/public void export(IModelImpl modeleCourant,String filePath) throws C
oloaneException;[] 
 []


Overfull \hbox (22.4968pt too wide) in paragraph at lines 84--84
[]/cmtt10/public IModelImpl importFrom(String filePath) throws ColoaneException
;[] 
 []

[8]) [9] (./sections/conception_d_un_point_d_extension.tex
Overfull \hbox (9.63947pt too wide) in paragraph at lines 2--3
[]/cmr10/Nous al-lons, vous pr^^Sesenter, com-ment cr^^Seer un point d'ex-ten-s
ion, pour permttre
 []

<images/pe1.jpg, id=185, 697.10437pt x 483.30562pt>
File: images/pe1.jpg Graphic file (type jpg)
 <use images/pe1.jpg>
Overfull \hbox (3.13945pt too wide) in paragraph at lines 5--13
[]/cmr10/L'onglet 'Ex-ten-sion points' de l'^^Sediteur de fi-chiers ma-ni-feste
s aide ^^Ra la cr^^Seation
 []


Overfull \hbox (45.80637pt too wide) in paragraph at lines 5--13
/cmr10/de nou-veaux points d'ex-ten-sion. Ou-vrir cet on-glet pour le plu-gin '
fr.lip6.move.coloane.core'.
 []

<images/pe2.jpg, id=186, 698.61pt x 486.31688pt>
File: images/pe2.jpg Graphic file (type jpg)
 <use images/pe2.jpg>
Underfull \hbox (badness 10000) in paragraph at lines 17--25

 []


Underfull \hbox (badness 10000) in paragraph at lines 17--25

 []


Underfull \hbox (badness 10000) in paragraph at lines 17--25

 []

[10 <./images/pe1.jpg>] <images/pe3.jpg, id=191, 696.35156pt x 482.55281pt>
File: images/pe3.jpg Graphic file (type jpg)

<use images/pe3.jpg>
Underfull \hbox (badness 10000) in paragraph at lines 26--34

 []


Underfull \hbox (badness 10000) in paragraph at lines 26--34

 []


Underfull \hbox (badness 10000) in paragraph at lines 26--34

 []

[11 <./images/pe2.jpg> <./images/pe3.jpg>]
<images/pe4.jpg, id=196, 695.59875pt x 482.55281pt>
File: images/pe4.jpg Graphic file (type jpg)
 <use images/pe4.jpg>
Underfull \hbox (badness 10000) in paragraph at lines 35--43

 []


Underfull \hbox (badness 10000) in paragraph at lines 35--43

 []


Underfull \hbox (badness 10000) in paragraph at lines 35--43

 []

(/usr/share/texmf/tex/latex/listings/lstlang1.sty
File: lstlang1.sty 2004/02/13 1.2 listings language file
)
Overfull \hbox (21.00372pt too wide) in paragraph at lines 51--52
[][][][][][][][][][][][][][][][][][][] 
 []

LaTeX Font Info:    Try loading font information for OMS+cmr on input line 54.
(/usr/share/texmf/tex/latex/base/omscmr.fd
File: omscmr.fd 1999/05/25 v2.5h Standard LaTeX font definitions
)
LaTeX Font Info:    Font shape `OMS/cmr/m/n' in size <10> not available
(Font)              Font shape `OMS/cmsy/m/n' tried instead on input line 54.

Overfull \hbox (63.00415pt too wide) in paragraph at lines 55--56
[][][][][][][][][][][][][][][][][][] 
 []


Overfull \hbox (1.25052pt too wide) in paragraph at lines 64--66
[]/cmr10/Cette in-ter-face de-vra ^etre uti-li-sable par les plu-gins d^^Sepend
ants : dans l'^^Sediteur
 []

[12 <./images/pe4.jpg>] <images/pe5.jpg, id=214, 931.48pt x 646.415pt>
File: images/pe5.jpg Graphic file (type jpg)

<use images/pe5.jpg>
Overfull \hbox (4.11171pt too wide) in paragraph at lines 69--77
/cmr10/^^Sel^^Sement pa-rent nomm^^Se 'ex-ten-sion'. Il nous faut in-di-quer la
 re-la-tion entre l'^^Sel^^Sement
 []


Underfull \hbox (badness 10000) in paragraph at lines 69--77

 []


Underfull \hbox (badness 10000) in paragraph at lines 69--77

 []


Underfull \hbox (badness 10000) in paragraph at lines 69--77

 []

<images/pe6.jpg, id=215, 931.48pt x 646.415pt>
File: images/pe6.jpg Graphic file (type jpg)
 <use images/pe6.jpg>
Underfull \hbox (badness 10000) in paragraph at lines 78--86

 []


Underfull \hbox (badness 10000) in paragraph at lines 78--86

 []


Underfull \hbox (badness 10000) in paragraph at lines 78--86

 []

[13 <./images/pe5.jpg>] <images/pe7.jpg, id=221, 697.10437pt x 483.30562pt>
File: images/pe7.jpg Graphic file (type jpg)

<use images/pe7.jpg>
Underfull \hbox (badness 10000) in paragraph at lines 87--95

 []


Underfull \hbox (badness 10000) in paragraph at lines 87--95

 []


Underfull \hbox (badness 10000) in paragraph at lines 87--95

 []

[14 <./images/pe6.jpg> <./images/pe7.jpg>]) [15]
(./sections/realisation_d_une_extension.tex
<images/ext1.jpg, id=230, 722.7pt x 507.39563pt>
File: images/ext1.jpg Graphic file (type jpg)
 <use images/ext1.jpg>
Underfull \hbox (badness 10000) in paragraph at lines 8--19

 []


Underfull \hbox (badness 10000) in paragraph at lines 8--19

 []


Underfull \hbox (badness 10000) in paragraph at lines 8--19

 []

<images/ext2.jpg, id=231, 698.61pt x 487.8225pt>
File: images/ext2.jpg Graphic file (type jpg)
 <use images/ext2.jpg>
Underfull \hbox (badness 10000) in paragraph at lines 21--32

 []


Underfull \hbox (badness 10000) in paragraph at lines 21--32

 []


Underfull \hbox (badness 10000) in paragraph at lines 21--32

 []

[16 <./images/ext1.jpg>] <images/ext3.jpg, id=236, 698.61pt x 486.31688pt>
File: images/ext3.jpg Graphic file (type jpg)

<use images/ext3.jpg>
Underfull \hbox (badness 10000) in paragraph at lines 34--43

 []


Underfull \hbox (badness 10000) in paragraph at lines 34--43

 []


Underfull \hbox (badness 10000) in paragraph at lines 34--43

 []

[17 <./images/ext2.jpg> <./images/ext3.jpg>]
Overfull \hbox (48.74657pt too wide) in paragraph at lines 55--55
[]            /cmtt10/class="fr.lip6.move.coloane.extension.exportToDOT.ExportT
oImpl"[] 
 []


Overfull \hbox (21.00372pt too wide) in paragraph at lines 72--73
[][][][][][][][][][][][][][][][][][][] 
 []


Overfull \hbox (69.00421pt too wide) in paragraph at lines 82--83
[][][][][][][][][][][][][][][][][][][] 
 []


Overfull \hbox (33.00385pt too wide) in paragraph at lines 84--85
[][][][][][][][][][][][][][] 
 []

LaTeX Font Info:    Try loading font information for OML+cmr on input line 85.
(/usr/share/texmf/tex/latex/base/omlcmr.fd
File: omlcmr.fd 1999/05/25 v2.5h Standard LaTeX font definitions
)
LaTeX Font Info:    Font shape `OML/cmr/m/n' in size <10> not available
(Font)              Font shape `OML/cmm/m/it' tried instead on input line 85.

Overfull \hbox (243.00598pt too wide) in paragraph at lines 85--86
[][][][][][][][][][][][][][][][][][][][][] 
 []

) [18] (./sections/bibliographie.tex
LaTeX Font Info:    External font `cmex10' loaded for size
(Font)              <7> on input line 10.
LaTeX Font Info:    External font `cmex10' loaded for size
(Font)              <5> on input line 10.
) [19] (./Rapport_Stage_Monir_CHAOUKI.aux) ) 
Here is how much of TeX's memory you used:
 4493 strings out of 94960
 61653 string characters out of 1182469
 119763 words of memory out of 1000001
 7460 multiletter control sequences out of 10000+50000
 9458 words of font info for 33 fonts, out of 500000 for 1000
 198 hyphenation exceptions out of 1000
 27i,6n,47p,578b,827s stack positions out of 1500i,500n,5000p,200000b,5000s
 278 PDF objects out of 300000
 82 named destinations out of 131072
 269 words of extra memory for PDF output out of 65536
{/usr/share/texmf/dvips/tetex/aae44
3f0.enc}</usr/share/texmf/fonts/type1/bluesky/cm/cmmi10.pfb>{/usr/share/texmf/d
vips/tetex/bbad153f.enc}</usr/share/texmf/fonts/type1/bluesky/cm/cmsy10.pfb>{/u
sr/share/texmf/dvips/tetex/74afc74c.enc}</usr/share/texmf/fonts/type1/bluesky/c
m/cmbxti10.pfb>{/usr/share/texmf/dvips/tetex/09fbbfac.enc}</usr/share/texmf/fon
ts/type1/bluesky/cm/cmtt10.pfb>{/usr/share/texmf/dvips/tetex/f7b6d320.enc}</usr
/share/texmf/fonts/type1/bluesky/cm/cmbx10.pfb></usr/share/texmf/fonts/type1/bl
uesky/cm/cmbx12.pfb></usr/share/texmf/fonts/type1/bluesky/cm/cmr10.pfb></usr/sh
are/texmf/fonts/type1/bluesky/cm/cmti10.pfb></usr/share/texmf/fonts/type1/blues
ky/cm/cmr12.pfb></usr/share/texmf/fonts/type1/bluesky/cm/cmr17.pfb>
Output written on Rapport_Stage_Monir_CHAOUKI.pdf (19 pages, 1314820 bytes).
