<project>
  <groupId>com.princetonsoftech.nex</groupId>
  <artifactId>com.princetonsoftech.nex</artifactId>
  <dependencies>
    <dependency>
      <groupId>com.princetonsoftech.nex</groupId>
      <artifactId>org.apache.ant</artifactId>
      <version>1.6.5</version>
      <type>pom</type>
    </dependency>
    <dependency>
      <groupId>com.princetonsoftech.nex</groupId>
      <artifactId>org.apache.commons.httpclient</artifactId>
      <version>3.0.0</version>
      <type>pom</type>
    </dependency>
    <dependency>
      <groupId>com.princetonsoftech.nex</groupId>
      <artifactId>org.apache.commons_logging</artifactId>
      <version>1.0.4</version>
      <type>pom</type>
    </dependency>
    <dependency>
      <groupId>com.princetonsoftech.nex</groupId>
      <artifactId>org.apache.jakarta_log4j</artifactId>
      <version>1.2.8</version>
      <type>pom</type>
    </dependency>
    <dependency>
      <groupId>com.princetonsoftech.nex</groupId>
      <artifactId>org.apache.axis.axis</artifactId>
      <version>1.3.0</version>
      <scope>system</scope>
      <systemPath>/home/emasliah/mojos/maven-pst/maven-psteclipse-plugin/lib/axis.jar</systemPath>
    </dependency>
    <dependency>
      <groupId>com.princetonsoftech.nex</groupId>
      <artifactId>org.apache.axis.axis-ant</artifactId>
      <version>1.3.0</version>
      <scope>system</scope>
      <systemPath>/home/emasliah/mojos/maven-pst/maven-psteclipse-plugin/lib/axis-ant.jar</systemPath>
    </dependency>
    <dependency>
      <groupId>com.princetonsoftech.nex</groupId>
      <artifactId>org.apache.axis.commons-discovery-0.2</artifactId>
      <version>1.3.0</version>
      <scope>system</scope>
      <systemPath>/home/emasliah/mojos/maven-pst/maven-psteclipse-plugin/lib/commons-discovery-0.2.jar</systemPath>
    </dependency>
    <dependency>
      <groupId>com.princetonsoftech.nex</groupId>
      <artifactId>org.apache.axis.jaxrpc</artifactId>
      <version>1.3.0</version>
      <scope>system</scope>
      <systemPath>/home/emasliah/mojos/maven-pst/maven-psteclipse-plugin/lib/jaxrpc.jar</systemPath>
    </dependency>
    <dependency>
      <groupId>com.princetonsoftech.nex</groupId>
      <artifactId>org.apache.axis.saaj</artifactId>
      <version>1.3.0</version>
      <scope>system</scope>
      <systemPath>/home/emasliah/mojos/maven-pst/maven-psteclipse-plugin/lib/saaj.jar</systemPath>
    </dependency>
    <dependency>
      <groupId>com.princetonsoftech.nex</groupId>
      <artifactId>org.apache.axis.wsdl4j-1.5.1</artifactId>
      <version>1.3.0</version>
      <scope>system</scope>
      <systemPath>/home/emasliah/mojos/maven-pst/maven-psteclipse-plugin/lib/wsdl4j-1.5.1.jar</systemPath>
    </dependency>
    <dependency>
      <groupId>com.princetonsoftech.nex</groupId>
      <artifactId>org.apache.axis.javaxzombie</artifactId>
      <version>1.3.0</version>
      <scope>system</scope>
      <systemPath>/home/emasliah/mojos/maven-pst/maven-psteclipse-plugin/lib/javaxzombie.jar</systemPath>
    </dependency>
  </dependencies>
</project>